[0626/185529:ERROR:process_info.cc(330)] VirtualQueryEx: 拒绝访问。 (0x5)
[0626/185529:ERROR:process_info.cc(547)] ReadMemoryInfo failed
[0626/185529:ERROR:process_info.cc(608)] range at 0x7743ab40, size 0x24 fully unreadable
[0626/185529:ERROR:process_info.cc(608)] range at 0x7733bc84, size 0x12 fully unreadable
[0626/185529:ERROR:process_info.cc(608)] range at 0x7733bc84, size 0x12 fully unreadable
[0626/185529:ERROR:process_info.cc(608)] range at 0x7733bc84, size 0x12 fully unreadable
[0626/185530:ERROR:process_info.cc(608)] range at 0x774384b8, size 0x18 fully unreadable
[0626/185530:ERROR:process_info.cc(608)] range at 0x7743883c, size 0x20 fully unreadable
[0626/185530:ERROR:process_reader_win.cc(232)] ReadMemory at 0x50be0000 of 64 bytes failed: 仅完成部分的 ReadProcessMemory 或 WriteProcessMemory 请求。 (0x12B)
[0626/185530:WARNING:pe_image_reader.cc(280)] could not read dos header from C:\Program Files (x86)\Google\Chrome\Application\51.0.2704.103\chrome_elf.dll
[0626/185530:ERROR:process_reader_win.cc(232)] ReadMemory at 0x70830000 of 64 bytes failed: 仅完成部分的 ReadProcessMemory 或 WriteProcessMemory 请求。 (0x12B)
[0626/185530:WARNING:pe_image_reader.cc(280)] could not read dos header from C:\Windows\SYSTEM32\WINMM.dll
[0626/185530:ERROR:process_reader_win.cc(232)] ReadMemory at 0x6a5a0000 of 64 bytes failed: 仅完成部分的 ReadProcessMemory 或 WriteProcessMemory 请求。 (0x12B)
[0626/185530:WARNING:pe_image_reader.cc(280)] could not read dos header from C:\Windows\SYSTEM32\OLEACC.dll
[0626/185530:ERROR:process_reader_win.cc(232)] ReadMemory at 0x10000000 of 64 bytes failed: 仅完成部分的 ReadProcessMemory 或 WriteProcessMemory 请求。 (0x12B)
[0626/185530:WARNING:pe_image_reader.cc(280)] could not read dos header from c:\program files (x86)\kingsoft\kingsoft antivirus\ks3rdhmpg.dll
[0626/185530:ERROR:process_reader_win.cc(232)] ReadMemory at 0x71b00000 of 64 bytes failed: 仅完成部分的 ReadProcessMemory 或 WriteProcessMemory 请求。 (0x12B)
[0626/185530:WARNING:pe_image_reader.cc(280)] could not read dos header from C:\Windows\SYSTEM32\fwbase.dll
[0626/185530:ERROR:process_reader_win.cc(232)] ReadMemory at 0x72230000 of 64 bytes failed: 仅完成部分的 ReadProcessMemory 或 WriteProcessMemory 请求。 (0x12B)
[0626/185530:WARNING:pe_image_reader.cc(280)] could not read dos header from C:\Windows\SYSTEM32\DAVHLPR.DLL
[0626/185530:ERROR:process_reader_win.cc(232)] ReadMemory at 0x6a0f0000 of 64 bytes failed: 仅完成部分的 ReadProcessMemory 或 WriteProcessMemory 请求。 (0x12B)
[0626/185530:WARNING:pe_image_reader.cc(280)] could not read dos header from C:\Windows\SYSTEM32\USP10.dll
[0626/185530:ERROR:process_reader_win.cc(232)] ReadMemory at 0x6c920000 of 64 bytes failed: 仅完成部分的 ReadProcessMemory 或 WriteProcessMemory 请求。 (0x12B)
[0626/185530:WARNING:pe_image_reader.cc(280)] could not read dos header from C:\Windows\SYSTEM32\Secur32.dll
[0626/185530:ERROR:process_reader_win.cc(232)] ReadMemory at 0x1b20000 of 64 bytes failed: 仅完成部分的 ReadProcessMemory 或 WriteProcessMemory 请求。 (0x12B)
[0626/185530:WARNING:pe_image_reader.cc(280)] could not read dos header from C:\Program Files (x86)\Google\Chrome\Application\51.0.2704.103\chrome_child.dll
[0626/185530:ERROR:process_reader_win.cc(232)] ReadMemory at 0x63240000 of 64 bytes failed: 仅完成部分的 ReadProcessMemory 或 WriteProcessMemory 请求。 (0x12B)
[0626/185530:WARNING:pe_image_reader.cc(280)] could not read dos header from C:\Windows\SYSTEM32\dwrite.dll
[0626/185530:ERROR:process_reader_win.cc(232)] ReadMemory at 0x746e0000 of 64 bytes failed: 仅完成部分的 ReadProcessMemory 或 WriteProcessMemory 请求。 (0x12B)
[0626/185530:WARNING:pe_image_reader.cc(280)] could not read dos header from C:\Windows\SYSTEM32\KERNELBASE.dll
[0626/185530:ERROR:process_reader_win.cc(232)] ReadMemory at 0x74860000 of 64 bytes failed: 仅完成部分的 ReadProcessMemory 或 WriteProcessMemory 请求。 (0x12B)
[0626/185530:WARNING:pe_image_reader.cc(280)] could not read dos header from C:\Windows\SYSTEM32\KERNEL32.DLL
[0626/185530:ERROR:process_reader_win.cc(232)] ReadMemory at 0x6a050000 of 64 bytes failed: 仅完成部分的 ReadProcessMemory 或 WriteProcessMemory 请求。 (0x12B)
[0626/185530:WARNING:pe_image_reader.cc(280)] could not read dos header from C:\Windows\system32\apphelp.dll
[0626/185530:ERROR:process_reader_win.cc(232)] ReadMemory at 0x74120000 of 64 bytes failed: 仅完成部分的 ReadProcessMemory 或 WriteProcessMemory 请求。 (0x12B)
[0626/185530:WARNING:pe_image_reader.cc(280)] could not read dos header from C:\Windows\SYSTEM32\bcryptPrimitives.dll
[0626/185530:ERROR:process_reader_win.cc(232)] ReadMemory at 0x74050000 of 64 bytes failed: 仅完成部分的 ReadProcessMemory 或 WriteProcessMemory 请求。 (0x12B)
[0626/185530:WARNING:pe_image_reader.cc(280)] could not read dos header from C:\Windows\SYSTEM32\CRYPTBASE.dll
[0626/185530:ERROR:process_reader_win.cc(232)] ReadMemory at 0x74060000 of 64 bytes failed: 仅完成部分的 ReadProcessMemory 或 WriteProcessMemory 请求。 (0x12B)
[0626/185530:WARNING:pe_image_reader.cc(280)] could not read dos header from C:\Windows\SYSTEM32\SspiCli.dll
[0626/185530:ERROR:process_reader_win.cc(232)] ReadMemory at 0x749a0000 of 64 bytes failed: 仅完成部分的 ReadProcessMemory 或 WriteProcessMemory 请求。 (0x12B)
[0626/185530:WARNING:pe_image_reader.cc(280)] could not read dos header from C:\Windows\SYSTEM32\RPCRT4.dll
[0626/185530:ERROR:process_reader_win.cc(232)] ReadMemory at 0x76a80000 of 64 bytes failed: 仅完成部分的 ReadProcessMemory 或 WriteProcessMemory 请求。 (0x12B)
[0626/185530:WARNING:pe_image_reader.cc(280)] could not read dos header from C:\Windows\SYSTEM32\sechost.dll
[0626/185530:ERROR:process_reader_win.cc(232)] ReadMemory at 0x50be0000 of 64 bytes failed: 仅完成部分的 ReadProcessMemory 或 WriteProcessMemory 请求。 (0x12B)
[0626/185530:WARNING:pe_image_reader.cc(280)] could not read dos header from C:\Program Files (x86)\Google\Chrome\Application\51.0.2704.103\chrome_elf.dll
[0626/185530:ERROR:process_reader_win.cc(232)] ReadMemory at 0x73f00000 of 64 bytes failed: 仅完成部分的 ReadProcessMemory 或 WriteProcessMemory 请求。 (0x12B)
[0626/185530:WARNING:pe_image_reader.cc(280)] could not read dos header from C:\Windows\SYSTEM32\VERSION.dll
[0626/185530:ERROR:process_reader_win.cc(232)] ReadMemory at 0x770e0000 of 64 bytes failed: 仅完成部分的 ReadProcessMemory 或 WriteProcessMemory 请求。 (0x12B)
[0626/185530:WARNING:pe_image_reader.cc(280)] could not read dos header from C:\Windows\SYSTEM32\cfgmgr32.dll
[0626/185530:ERROR:process_reader_win.cc(232)] ReadMemory at 0x70710000 of 64 bytes failed: 仅完成部分的 ReadProcessMemory 或 WriteProcessMemory 请求。 (0x12B)
[0626/185530:WARNING:pe_image_reader.cc(280)] could not read dos header from C:\Windows\SYSTEM32\WINMMBASE.dll
[0626/185530:ERROR:process_reader_win.cc(232)] ReadMemory at 0x76930000 of 64 bytes failed: 仅完成部分的 ReadProcessMemory 或 WriteProcessMemory 请求。 (0x12B)
[0626/185530:WARNING:pe_image_reader.cc(280)] could not read dos header from C:\Windows\SYSTEM32\GDI32.dll
[0626/185530:ERROR:process_reader_win.cc(232)] ReadMemory at 0x77170000 of 64 bytes failed: 仅完成部分的 ReadProcessMemory 或 WriteProcessMemory 请求。 (0x12B)
[0626/185530:WARNING:pe_image_reader.cc(280)] could not read dos header from C:\Windows\SYSTEM32\USER32.dll
[0626/185530:ERROR:process_reader_win.cc(232)] ReadMemory at 0x76250000 of 64 bytes failed: 仅完成部分的 ReadProcessMemory 或 WriteProcessMemory 请求。 (0x12B)
[0626/185530:WARNING:pe_image_reader.cc(280)] could not read dos header from C:\Windows\SYSTEM32\IMM32.DLL
[0626/185530:ERROR:process_reader_win.cc(232)] ReadMemory at 0x70830000 of 64 bytes failed: 仅完成部分的 ReadProcessMemory 或 WriteProcessMemory 请求。 (0x12B)
[0626/185530:WARNING:pe_image_reader.cc(280)] could not read dos header from C:\Windows\SYSTEM32\WINMM.dll
[0626/185530:ERROR:process_reader_win.cc(232)] ReadMemory at 0x76280000 of 64 bytes failed: 仅完成部分的 ReadProcessMemory 或 WriteProcessMemory 请求。 (0x12B)
[0626/185530:WARNING:pe_image_reader.cc(280)] could not read dos header from C:\Windows\SYSTEM32\profapi.dll
[0626/185530:ERROR:process_reader_win.cc(232)] ReadMemory at 0x73ba0000 of 64 bytes failed: 仅完成部分的 ReadProcessMemory 或 WriteProcessMemory 请求。 (0x12B)
[0626/185530:WARNING:pe_image_reader.cc(280)] could not read dos header from C:\Windows\SYSTEM32\USERENV.dll
[0626/185530:ERROR:process_reader_win.cc(232)] ReadMemory at 0x73f10000 of 64 bytes failed: 仅完成部分的 ReadProcessMemory 或 WriteProcessMemory 请求。 (0x12B)
[0626/185530:WARNING:pe_image_reader.cc(280)] could not read dos header from C:\Windows\SYSTEM32\WTSAPI32.dll
[0626/185530:ERROR:process_reader_win.cc(232)] ReadMemory at 0x734b0000 of 64 bytes failed: 仅完成部分的 ReadProcessMemory 或 WriteProcessMemory 请求。 (0x12B)
[0626/185530:WARNING:pe_image_reader.cc(280)] could not read dos header from C:\Windows\SYSTEM32\WINHTTP.dll
[0626/185530:ERROR:process_reader_win.cc(232)] ReadMemory at 0x76500000 of 64 bytes failed: 仅完成部分的 ReadProcessMemory 或 WriteProcessMemory 请求。 (0x12B)
[0626/185530:WARNING:pe_image_reader.cc(280)] could not read dos header from C:\Windows\SYSTEM32\PSAPI.DLL
[0626/185530:ERROR:process_reader_win.cc(232)] ReadMemory at 0x76e90000 of 64 bytes failed: 仅完成部分的 ReadProcessMemory 或 WriteProcessMemory 请求。 (0x12B)
[0626/185530:WARNING:pe_image_reader.cc(280)] could not read dos header from C:\Windows\SYSTEM32\combase.dll
[0626/185530:ERROR:process_reader_win.cc(232)] ReadMemory at 0x77120000 of 64 bytes failed: 仅完成部分的 ReadProcessMemory 或 WriteProcessMemory 请求。 (0x12B)
[0626/185530:WARNING:pe_image_reader.cc(280)] could not read dos header from C:\Windows\SYSTEM32\shlwapi.dll
[0626/185530:ERROR:process_reader_win.cc(232)] ReadMemory at 0x76b30000 of 64 bytes failed: 仅完成部分的 ReadProcessMemory 或 WriteProcessMemory 请求。 (0x12B)
[0626/185530:WARNING:pe_image_reader.cc(280)] could not read dos header from C:\Windows\SYSTEM32\kernel.appcore.dll
[0626/185530:ERROR:process_reader_win.cc(232)] ReadMemory at 0x762b0000 of 64 bytes failed: 仅完成部分的 ReadProcessMemory 或 WriteProcessMemory 请求。 (0x12B)
[0626/185530:WARNING:pe_image_reader.cc(280)] could not read dos header from C:\Windows\SYSTEM32\shcore.dll
[0626/185530:ERROR:process_reader_win.cc(232)] ReadMemory at 0x764b0000 of 64 bytes failed: 仅完成部分的 ReadProcessMemory 或 WriteProcessMemory 请求。 (0x12B)
[0626/185530:WARNING:pe_image_reader.cc(280)] could not read dos header from C:\Windows\SYSTEM32\powrprof.dll
[0626/185530:ERROR:process_reader_win.cc(232)] ReadMemory at 0x74180000 of 64 bytes failed: 仅完成部分的 ReadProcessMemory 或 WriteProcessMemory 请求。 (0x12B)
[0626/185530:WARNING:pe_image_reader.cc(280)] could not read dos header from C:\Windows\SYSTEM32\windows.storage.dll
[0626/185530:ERROR:process_reader_win.cc(232)] ReadMemory at 0x74bd0000 of 64 bytes failed: 仅完成部分的 ReadProcessMemory 或 WriteProcessMemory 请求。 (0x12B)
[0626/185530:WARNING:pe_image_reader.cc(280)] could not read dos header from C:\Windows\SYSTEM32\SHELL32.dll
[0626/185530:ERROR:process_reader_win.cc(232)] ReadMemory at 0x6a5a0000 of 64 bytes failed: 仅完成部分的 ReadProcessMemory 或 WriteProcessMemory 请求。 (0x12B)
[0626/185530:WARNING:pe_image_reader.cc(280)] could not read dos header from C:\Windows\SYSTEM32\OLEACC.dll
[0626/185530:ERROR:process_reader_win.cc(232)] ReadMemory at 0x10000000 of 64 bytes failed: 仅完成部分的 ReadProcessMemory 或 WriteProcessMemory 请求。 (0x12B)
[0626/185530:WARNING:pe_image_reader.cc(280)] could not read dos header from c:\program files (x86)\kingsoft\kingsoft antivirus\ks3rdhmpg.dll
[0626/185530:ERROR:process_reader_win.cc(232)] ReadMemory at 0x72660000 of 64 bytes failed: 仅完成部分的 ReadProcessMemory 或 WriteProcessMemory 请求。 (0x12B)
[0626/185530:WARNING:pe_image_reader.cc(280)] could not read dos header from C:\Windows\SYSTEM32\bcrypt.dll
[0626/185530:ERROR:process_reader_win.cc(232)] ReadMemory at 0x72680000 of 64 bytes failed: 仅完成部分的 ReadProcessMemory 或 WriteProcessMemory 请求。 (0x12B)
[0626/185530:WARNING:pe_image_reader.cc(280)] could not read dos header from C:\Windows\SYSTEM32\WINSPOOL.DRV
[0626/185530:ERROR:process_reader_win.cc(232)] ReadMemory at 0x72380000 of 64 bytes failed: 仅完成部分的 ReadProcessMemory 或 WriteProcessMemory 请求。 (0x12B)
[0626/185530:WARNING:pe_image_reader.cc(280)] could not read dos header from C:\Windows\WinSxS\x86_microsoft.windows.common-controls_6595b64144ccf1df_6.0.10586.0_none_d3c2e4e965da4528\COMCTL32.dll
[0626/185530:ERROR:process_reader_win.cc(232)] ReadMemory at 0x74940000 of 64 bytes failed: 仅完成部分的 ReadProcessMemory 或 WriteProcessMemory 请求。 (0x12B)
[0626/185530:WARNING:pe_image_reader.cc(280)] could not read dos header from C:\Windows\SYSTEM32\FirewallAPI.dll
[0626/185530:ERROR:process_reader_win.cc(232)] ReadMemory at 0x71b00000 of 64 bytes failed: 仅完成部分的 ReadProcessMemory 或 WriteProcessMemory 请求。 (0x12B)
[0626/185530:WARNING:pe_image_reader.cc(280)] could not read dos header from C:\Windows\SYSTEM32\fwbase.dll
[0626/185530:ERROR:process_reader_win.cc(232)] ReadMemory at 0x76290000 of 64 bytes failed: 仅完成部分的 ReadProcessMemory 或 WriteProcessMemory 请求。 (0x12B)
[0626/185530:WARNING:pe_image_reader.cc(280)] could not read dos header from C:\Windows\SYSTEM32\NETAPI32.dll
[0626/185530:ERROR:process_reader_win.cc(232)] ReadMemory at 0x72230000 of 64 bytes failed: 仅完成部分的 ReadProcessMemory 或 WriteProcessMemory 请求。 (0x12B)
[0626/185530:WARNING:pe_image_reader.cc(280)] could not read dos header from C:\Windows\SYSTEM32\DAVHLPR.DLL
[0626/185530:ERROR:process_reader_win.cc(232)] ReadMemory at 0x76d90000 of 64 bytes failed: 仅完成部分的 ReadProcessMemory 或 WriteProcessMemory 请求。 (0x12B)
[0626/185530:WARNING:pe_image_reader.cc(280)] could not read dos header from C:\Windows\SYSTEM32\COMDLG32.dll
[0626/185530:ERROR:process_reader_win.cc(232)] ReadMemory at 0x75fd0000 of 64 bytes failed: 仅完成部分的 ReadProcessMemory 或 WriteProcessMemory 请求。 (0x12B)
[0626/185530:WARNING:pe_image_reader.cc(280)] could not read dos header from C:\Windows\SYSTEM32\ole32.dll
[0626/185530:ERROR:process_reader_win.cc(232)] ReadMemory at 0x76cf0000 of 64 bytes failed: 仅完成部分的 ReadProcessMemory 或 WriteProcessMemory 请求。 (0x12B)
[0626/185530:WARNING:pe_image_reader.cc(280)] could not read dos header from C:\Windows\SYSTEM32\OLEAUT32.dll
[0626/185530:ERROR:process_reader_win.cc(232)] ReadMemory at 0x73be0000 of 64 bytes failed: 仅完成部分的 ReadProcessMemory 或 WriteProcessMemory 请求。 (0x12B)
[0626/185530:WARNING:pe_image_reader.cc(280)] could not read dos header from C:\Windows\SYSTEM32\IPHLPAPI.DLL
[0626/185530:ERROR:process_reader_win.cc(232)] ReadMemory at 0x76ad0000 of 64 bytes failed: 仅完成部分的 ReadProcessMemory 或 WriteProcessMemory 请求。 (0x12B)
[0626/185530:WARNING:pe_image_reader.cc(280)] could not read dos header from C:\Windows\SYSTEM32\WS2_32.dll
[0626/185530:ERROR:process_reader_win.cc(232)] ReadMemory at 0x6a0f0000 of 64 bytes failed: 仅完成部分的 ReadProcessMemory 或 WriteProcessMemory 请求。 (0x12B)
[0626/185530:WARNING:pe_image_reader.cc(280)] could not read dos header from C:\Windows\SYSTEM32\USP10.dll
[0626/185530:ERROR:process_reader_win.cc(232)] ReadMemory at 0x770d0000 of 64 bytes failed: 仅完成部分的 ReadProcessMemory 或 WriteProcessMemory 请求。 (0x12B)
[0626/185530:WARNING:pe_image_reader.cc(280)] could not read dos header from C:\Windows\SYSTEM32\MSASN1.dll
[0626/185530:ERROR:process_reader_win.cc(232)] ReadMemory at 0x74a50000 of 64 bytes failed: 仅完成部分的 ReadProcessMemory 或 WriteProcessMemory 请求。 (0x12B)
[0626/185530:WARNING:pe_image_reader.cc(280)] could not read dos header from C:\Windows\SYSTEM32\CRYPT32.dll
[0626/185530:ERROR:process_reader_win.cc(232)] ReadMemory at 0x76460000 of 64 bytes failed: 仅完成部分的 ReadProcessMemory 或 WriteProcessMemory 请求。 (0x12B)
[0626/185530:WARNING:pe_image_reader.cc(280)] could not read dos header from C:\Windows\SYSTEM32\WINTRUST.dll
[0626/185530:ERROR:process_reader_win.cc(232)] ReadMemory at 0x6c920000 of 64 bytes failed: 仅完成部分的 ReadProcessMemory 或 WriteProcessMemory 请求。 (0x12B)
[0626/185530:WARNING:pe_image_reader.cc(280)] could not read dos header from C:\Windows\SYSTEM32\Secur32.dll
[0626/185530:ERROR:process_reader_win.cc(232)] ReadMemory at 0x1b20000 of 64 bytes failed: 仅完成部分的 ReadProcessMemory 或 WriteProcessMemory 请求。 (0x12B)
[0626/185530:WARNING:pe_image_reader.cc(280)] could not read dos header from C:\Program Files (x86)\Google\Chrome\Application\51.0.2704.103\chrome_child.dll
[0626/185530:ERROR:process_reader_win.cc(232)] ReadMemory at 0x63240000 of 64 bytes failed: 仅完成部分的 ReadProcessMemory 或 WriteProcessMemory 请求。 (0x12B)
[0626/185530:WARNING:pe_image_reader.cc(280)] could not read dos header from C:\Windows\SYSTEM32\dwrite.dll
[0626/185530:ERROR:process_reader_win.cc(98)] process 8532 not found
[0626/185530:ERROR:process_reader_win.cc(232)] ReadMemory at 0xa00000 of 64 bytes failed: 仅完成部分的 ReadProcessMemory 或 WriteProcessMemory 请求。 (0x12B)
[0626/185530:WARNING:pe_image_reader.cc(280)] could not read dos header from C:\Program Files (x86)\Google\Chrome\Application\chrome.exe
[0626/185530:ERROR:process_reader_win.cc(232)] ReadMemory at 0x77330000 of 64 bytes failed: 仅完成部分的 ReadProcessMemory 或 WriteProcessMemory 请求。 (0x12B)
[0626/185530:WARNING:pe_image_reader.cc(280)] could not read dos header from C:\Windows\SYSTEM32\ntdll.dll
[0626/185530:ERROR:process_reader_win.cc(232)] ReadMemory at 0x746e0000 of 64 bytes failed: 仅完成部分的 ReadProcessMemory 或 WriteProcessMemory 请求。 (0x12B)
[0626/185530:WARNING:pe_image_reader.cc(280)] could not read dos header from C:\Windows\SYSTEM32\KERNELBASE.dll
[0626/185530:ERROR:process_reader_win.cc(232)] ReadMemory at 0x74860000 of 64 bytes failed: 仅完成部分的 ReadProcessMemory 或 WriteProcessMemory 请求。 (0x12B)
[0626/185530:WARNING:pe_image_reader.cc(280)] could not read dos header from C:\Windows\SYSTEM32\KERNEL32.DLL
[0626/185530:ERROR:process_reader_win.cc(232)] ReadMemory at 0x6a050000 of 64 bytes failed: 仅完成部分的 ReadProcessMemory 或 WriteProcessMemory 请求。 (0x12B)
[0626/185530:WARNING:pe_image_reader.cc(280)] could not read dos header from C:\Windows\system32\apphelp.dll
[0626/185530:ERROR:process_reader_win.cc(232)] ReadMemory at 0x76c30000 of 64 bytes failed: 仅完成部分的 ReadProcessMemory 或 WriteProcessMemory 请求。 (0x12B)
[0626/185530:WARNING:pe_image_reader.cc(280)] could not read dos header from C:\Windows\SYSTEM32\msvcrt.dll
[0626/185530:ERROR:process_reader_win.cc(232)] ReadMemory at 0x74120000 of 64 bytes failed: 仅完成部分的 ReadProcessMemory 或 WriteProcessMemory 请求。 (0x12B)
[0626/185530:WARNING:pe_image_reader.cc(280)] could not read dos header from C:\Windows\SYSTEM32\bcryptPrimitives.dll
[0626/185530:ERROR:process_reader_win.cc(232)] ReadMemory at 0x74050000 of 64 bytes failed: 仅完成部分的 ReadProcessMemory 或 WriteProcessMemory 请求。 (0x12B)
[0626/185530:WARNING:pe_image_reader.cc(280)] could not read dos header from C:\Windows\SYSTEM32\CRYPTBASE.dll
[0626/185530:ERROR:process_reader_win.cc(232)] ReadMemory at 0x74060000 of 64 bytes failed: 仅完成部分的 ReadProcessMemory 或 WriteProcessMemory 请求。 (0x12B)
[0626/185530:WARNING:pe_image_reader.cc(280)] could not read dos header from C:\Windows\SYSTEM32\SspiCli.dll
[0626/185530:ERROR:process_reader_win.cc(232)] ReadMemory at 0x749a0000 of 64 bytes failed: 仅完成部分的 ReadProcessMemory 或 WriteProcessMemory 请求。 (0x12B)
[0626/185530:WARNING:pe_image_reader.cc(280)] could not read dos header from C:\Windows\SYSTEM32\RPCRT4.dll
[0626/185530:ERROR:process_reader_win.cc(232)] ReadMemory at 0x76a80000 of 64 bytes failed: 仅完成部分的 ReadProcessMemory 或 WriteProcessMemory 请求。 (0x12B)
[0626/185530:WARNING:pe_image_reader.cc(280)] could not read dos header from C:\Windows\SYSTEM32\sechost.dll
[0626/185530:ERROR:process_reader_win.cc(232)] ReadMemory at 0x77050000 of 64 bytes failed: 仅完成部分的 ReadProcessMemory 或 WriteProcessMemory 请求。 (0x12B)
[0626/185530:WARNING:pe_image_reader.cc(280)] could not read dos header from C:\Windows\SYSTEM32\ADVAPI32.dll
[0626/185530:ERROR:process_reader_win.cc(232)] ReadMemory at 0x50be0000 of 64 bytes failed: 仅完成部分的 ReadProcessMemory 或 WriteProcessMemory 请求。 (0x12B)
[0626/185530:WARNING:pe_image_reader.cc(280)] could not read dos header from C:\Program Files (x86)\Google\Chrome\Application\51.0.2704.103\chrome_elf.dll
[0626/185530:ERROR:process_reader_win.cc(232)] ReadMemory at 0x73f00000 of 64 bytes failed: 仅完成部分的 ReadProcessMemory 或 WriteProcessMemory 请求。 (0x12B)
[0626/185530:WARNING:pe_image_reader.cc(280)] could not read dos header from C:\Windows\SYSTEM32\VERSION.dll
[0626/185530:ERROR:process_reader_win.cc(232)] ReadMemory at 0x770e0000 of 64 bytes failed: 仅完成部分的 ReadProcessMemory 或 WriteProcessMemory 请求。 (0x12B)
[0626/185530:WARNING:pe_image_reader.cc(280)] could not read dos header from C:\Windows\SYSTEM32\cfgmgr32.dll
[0626/185530:ERROR:process_reader_win.cc(232)] ReadMemory at 0x70710000 of 64 bytes failed: 仅完成部分的 ReadProcessMemory 或 WriteProcessMemory 请求。 (0x12B)
[0626/185530:WARNING:pe_image_reader.cc(280)] could not read dos header from C:\Windows\SYSTEM32\WINMMBASE.dll
[0626/185530:ERROR:process_reader_win.cc(232)] ReadMemory at 0x76930000 of 64 bytes failed: 仅完成部分的 ReadProcessMemory 或 WriteProcessMemory 请求。 (0x12B)
[0626/185530:WARNING:pe_image_reader.cc(280)] could not read dos header from C:\Windows\SYSTEM32\GDI32.dll
[0626/185530:ERROR:process_reader_win.cc(232)] ReadMemory at 0x77170000 of 64 bytes failed: 仅完成部分的 ReadProcessMemory 或 WriteProcessMemory 请求。 (0x12B)
[0626/185530:WARNING:pe_image_reader.cc(280)] could not read dos header from C:\Windows\SYSTEM32\USER32.dll
[0626/185530:ERROR:process_reader_win.cc(232)] ReadMemory at 0x76250000 of 64 bytes failed: 仅完成部分的 ReadProcessMemory 或 WriteProcessMemory 请求。 (0x12B)
[0626/185530:WARNING:pe_image_reader.cc(280)] could not read dos header from C:\Windows\SYSTEM32\IMM32.DLL
[0626/185530:ERROR:process_reader_win.cc(232)] ReadMemory at 0x70830000 of 64 bytes failed: 仅完成部分的 ReadProcessMemory 或 WriteProcessMemory 请求。 (0x12B)
[0626/185530:WARNING:pe_image_reader.cc(280)] could not read dos header from C:\Windows\SYSTEM32\WINMM.dll
[0626/185530:ERROR:process_reader_win.cc(232)] ReadMemory at 0x76280000 of 64 bytes failed: 仅完成部分的 ReadProcessMemory 或 WriteProcessMemory 请求。 (0x12B)
[0626/185530:WARNING:pe_image_reader.cc(280)] could not read dos header from C:\Windows\SYSTEM32\profapi.dll
[0626/185530:ERROR:process_reader_win.cc(232)] ReadMemory at 0x73ba0000 of 64 bytes failed: 仅完成部分的 ReadProcessMemory 或 WriteProcessMemory 请求。 (0x12B)
[0626/185530:WARNING:pe_image_reader.cc(280)] could not read dos header from C:\Windows\SYSTEM32\USERENV.dll
[0626/185530:ERROR:process_reader_win.cc(232)] ReadMemory at 0x73f10000 of 64 bytes failed: 仅完成部分的 ReadProcessMemory 或 WriteProcessMemory 请求。 (0x12B)
[0626/185530:WARNING:pe_image_reader.cc(280)] could not read dos header from C:\Windows\SYSTEM32\WTSAPI32.dll
[0626/185530:ERROR:process_reader_win.cc(232)] ReadMemory at 0x734b0000 of 64 bytes failed: 仅完成部分的 ReadProcessMemory 或 WriteProcessMemory 请求。 (0x12B)
[0626/185530:WARNING:pe_image_reader.cc(280)] could not read dos header from C:\Windows\SYSTEM32\WINHTTP.dll
[0626/185530:ERROR:process_reader_win.cc(232)] ReadMemory at 0x76500000 of 64 bytes failed: 仅完成部分的 ReadProcessMemory 或 WriteProcessMemory 请求。 (0x12B)
[0626/185530:WARNING:pe_image_reader.cc(280)] could not read dos header from C:\Windows\SYSTEM32\PSAPI.DLL
[0626/185530:ERROR:process_reader_win.cc(232)] ReadMemory at 0x76e90000 of 64 bytes failed: 仅完成部分的 ReadProcessMemory 或 WriteProcessMemory 请求。 (0x12B)
[0626/185530:WARNING:pe_image_reader.cc(280)] could not read dos header from C:\Windows\SYSTEM32\combase.dll
[0626/185530:ERROR:process_reader_win.cc(232)] ReadMemory at 0x77120000 of 64 bytes failed: 仅完成部分的 ReadProcessMemory 或 WriteProcessMemory 请求。 (0x12B)
[0626/185530:WARNING:pe_image_reader.cc(280)] could not read dos header from C:\Windows\SYSTEM32\shlwapi.dll
[0626/185530:ERROR:process_reader_win.cc(232)] ReadMemory at 0x76b30000 of 64 bytes failed: 仅完成部分的 ReadProcessMemory 或 WriteProcessMemory 请求。 (0x12B)
[0626/185530:WARNING:pe_image_reader.cc(280)] could not read dos header from C:\Windows\SYSTEM32\kernel.appcore.dll
[0626/185530:ERROR:process_reader_win.cc(232)] ReadMemory at 0x762b0000 of 64 bytes failed: 仅完成部分的 ReadProcessMemory 或 WriteProcessMemory 请求。 (0x12B)
[0626/185530:WARNING:pe_image_reader.cc(280)] could not read dos header from C:\Windows\SYSTEM32\shcore.dll
[0626/185530:ERROR:process_reader_win.cc(232)] ReadMemory at 0x764b0000 of 64 bytes failed: 仅完成部分的 ReadProcessMemory 或 WriteProcessMemory 请求。 (0x12B)
[0626/185530:WARNING:pe_image_reader.cc(280)] could not read dos header from C:\Windows\SYSTEM32\powrprof.dll
[0626/185530:ERROR:process_reader_win.cc(232)] ReadMemory at 0x74180000 of 64 bytes failed: 仅完成部分的 ReadProcessMemory 或 WriteProcessMemory 请求。 (0x12B)
[0626/185530:WARNING:pe_image_reader.cc(280)] could not read dos header from C:\Windows\SYSTEM32\windows.storage.dll
[0626/185530:ERROR:process_reader_win.cc(232)] ReadMemory at 0x74bd0000 of 64 bytes failed: 仅完成部分的 ReadProcessMemory 或 WriteProcessMemory 请求。 (0x12B)
[0626/185530:WARNING:pe_image_reader.cc(280)] could not read dos header from C:\Windows\SYSTEM32\SHELL32.dll
[0626/185530:ERROR:process_reader_win.cc(232)] ReadMemory at 0x6a5a0000 of 64 bytes failed: 仅完成部分的 ReadProcessMemory 或 WriteProcessMemory 请求。 (0x12B)
[0626/185530:WARNING:pe_image_reader.cc(280)] could not read dos header from C:\Windows\SYSTEM32\OLEACC.dll
[0626/185530:ERROR:process_reader_win.cc(232)] ReadMemory at 0x10000000 of 64 bytes failed: 仅完成部分的 ReadProcessMemory 或 WriteProcessMemory 请求。 (0x12B)
[0626/185530:WARNING:pe_image_reader.cc(280)] could not read dos header from c:\program files (x86)\kingsoft\kingsoft antivirus\ks3rdhmpg.dll
[0626/185530:ERROR:process_reader_win.cc(232)] ReadMemory at 0x72660000 of 64 bytes failed: 仅完成部分的 ReadProcessMemory 或 WriteProcessMemory 请求。 (0x12B)
[0626/185530:WARNING:pe_image_reader.cc(280)] could not read dos header from C:\Windows\SYSTEM32\bcrypt.dll
[0626/185530:ERROR:process_reader_win.cc(232)] ReadMemory at 0x72680000 of 64 bytes failed: 仅完成部分的 ReadProcessMemory 或 WriteProcessMemory 请求。 (0x12B)
[0626/185530:WARNING:pe_image_reader.cc(280)] could not read dos header from C:\Windows\SYSTEM32\WINSPOOL.DRV
[0626/185530:ERROR:process_reader_win.cc(232)] ReadMemory at 0x72380000 of 64 bytes failed: 仅完成部分的 ReadProcessMemory 或 WriteProcessMemory 请求。 (0x12B)
[0626/185530:WARNING:pe_image_reader.cc(280)] could not read dos header from C:\Windows\WinSxS\x86_microsoft.windows.common-controls_6595b64144ccf1df_6.0.10586.0_none_d3c2e4e965da4528\COMCTL32.dll
[0626/185530:ERROR:process_reader_win.cc(232)] ReadMemory at 0x74940000 of 64 bytes failed: 仅完成部分的 ReadProcessMemory 或 WriteProcessMemory 请求。 (0x12B)
[0626/185530:WARNING:pe_image_reader.cc(280)] could not read dos header from C:\Windows\SYSTEM32\FirewallAPI.dll
[0626/185530:ERROR:process_reader_win.cc(232)] ReadMemory at 0x71b00000 of 64 bytes failed: 仅完成部分的 ReadProcessMemory 或 WriteProcessMemory 请求。 (0x12B)
[0626/185530:WARNING:pe_image_reader.cc(280)] could not read dos header from C:\Windows\SYSTEM32\fwbase.dll
[0626/185530:ERROR:process_reader_win.cc(232)] ReadMemory at 0x76290000 of 64 bytes failed: 仅完成部分的 ReadProcessMemory 或 WriteProcessMemory 请求。 (0x12B)
[0626/185530:WARNING:pe_image_reader.cc(280)] could not read dos header from C:\Windows\SYSTEM32\NETAPI32.dll
[0626/185530:ERROR:process_reader_win.cc(232)] ReadMemory at 0x72230000 of 64 bytes failed: 仅完成部分的 ReadProcessMemory 或 WriteProcessMemory 请求。 (0x12B)
[0626/185530:WARNING:pe_image_reader.cc(280)] could not read dos header from C:\Windows\SYSTEM32\DAVHLPR.DLL
[0626/185530:ERROR:process_reader_win.cc(232)] ReadMemory at 0x76d90000 of 64 bytes failed: 仅完成部分的 ReadProcessMemory 或 WriteProcessMemory 请求。 (0x12B)
[0626/185530:WARNING:pe_image_reader.cc(280)] could not read dos header from C:\Windows\SYSTEM32\COMDLG32.dll
[0626/185530:ERROR:process_reader_win.cc(232)] ReadMemory at 0x75fd0000 of 64 bytes failed: 仅完成部分的 ReadProcessMemory 或 WriteProcessMemory 请求。 (0x12B)
[0626/185530:WARNING:pe_image_reader.cc(280)] could not read dos header from C:\Windows\SYSTEM32\ole32.dll
[0626/185530:ERROR:process_reader_win.cc(232)] ReadMemory at 0x76cf0000 of 64 bytes failed: 仅完成部分的 ReadProcessMemory 或 WriteProcessMemory 请求。 (0x12B)
[0626/185530:WARNING:pe_image_reader.cc(280)] could not read dos header from C:\Windows\SYSTEM32\OLEAUT32.dll
[0626/185530:ERROR:process_reader_win.cc(232)] ReadMemory at 0x73be0000 of 64 bytes failed: 仅完成部分的 ReadProcessMemory 或 WriteProcessMemory 请求。 (0x12B)
[0626/185530:WARNING:pe_image_reader.cc(280)] could not read dos header from C:\Windows\SYSTEM32\IPHLPAPI.DLL
[0626/185530:ERROR:process_reader_win.cc(232)] ReadMemory at 0x76ad0000 of 64 bytes failed: 仅完成部分的 ReadProcessMemory 或 WriteProcessMemory 请求。 (0x12B)
[0626/185530:WARNING:pe_image_reader.cc(280)] could not read dos header from C:\Windows\SYSTEM32\WS2_32.dll
[0626/185530:ERROR:process_reader_win.cc(232)] ReadMemory at 0x6a0f0000 of 64 bytes failed: 仅完成部分的 ReadProcessMemory 或 WriteProcessMemory 请求。 (0x12B)
[0626/185530:WARNING:pe_image_reader.cc(280)] could not read dos header from C:\Windows\SYSTEM32\USP10.dll
[0626/185530:ERROR:process_reader_win.cc(232)] ReadMemory at 0x770d0000 of 64 bytes failed: 仅完成部分的 ReadProcessMemory 或 WriteProcessMemory 请求。 (0x12B)
[0626/185530:WARNING:pe_image_reader.cc(280)] could not read dos header from C:\Windows\SYSTEM32\MSASN1.dll
[0626/185530:ERROR:process_reader_win.cc(232)] ReadMemory at 0x74a50000 of 64 bytes failed: 仅完成部分的 ReadProcessMemory 或 WriteProcessMemory 请求。 (0x12B)
[0626/185530:WARNING:pe_image_reader.cc(280)] could not read dos header from C:\Windows\SYSTEM32\CRYPT32.dll
[0626/185530:ERROR:process_reader_win.cc(232)] ReadMemory at 0x76460000 of 64 bytes failed: 仅完成部分的 ReadProcessMemory 或 WriteProcessMemory 请求。 (0x12B)
[0626/185530:WARNING:pe_image_reader.cc(280)] could not read dos header from C:\Windows\SYSTEM32\WINTRUST.dll
[0626/185530:ERROR:process_reader_win.cc(232)] ReadMemory at 0x6c920000 of 64 bytes failed: 仅完成部分的 ReadProcessMemory 或 WriteProcessMemory 请求。 (0x12B)
[0626/185530:WARNING:pe_image_reader.cc(280)] could not read dos header from C:\Windows\SYSTEM32\Secur32.dll
[0626/185530:ERROR:process_reader_win.cc(232)] ReadMemory at 0x1b20000 of 64 bytes failed: 仅完成部分的 ReadProcessMemory 或 WriteProcessMemory 请求。 (0x12B)
[0626/185530:WARNING:pe_image_reader.cc(280)] could not read dos header from C:\Program Files (x86)\Google\Chrome\Application\51.0.2704.103\chrome_child.dll
[0626/185530:ERROR:process_reader_win.cc(232)] ReadMemory at 0x63240000 of 64 bytes failed: 仅完成部分的 ReadProcessMemory 或 WriteProcessMemory 请求。 (0x12B)
[0626/185530:WARNING:pe_image_reader.cc(280)] could not read dos header from C:\Windows\SYSTEM32\dwrite.dll
[0626/185530:ERROR:process_reader_win.cc(232)] ReadMemory at 0xabc374 of 12 bytes failed: 仅完成部分的 ReadProcessMemory 或 WriteProcessMemory 请求。 (0x12B)
[0626/185530:WARNING:process_snapshot_win.cc(102)] ReadMemory ExceptionInformation failed
[0626/185530:WARNING:crash_report_exception_handler.cc(60)] ProcessSnapshotWin::InitializeException failed
[0626/185530:ERROR:scoped_process_suspend.cc(38)] NtResumeProcess, ntstatus=-1073741558
[0716/234824:ERROR:process_info.cc(330)] VirtualQueryEx: 拒绝访问。 (0x5)
[0716/234824:ERROR:process_info.cc(547)] ReadMemoryInfo failed
[0716/234824:ERROR:process_info.cc(608)] range at 0x77dbab40, size 0x24 fully unreadable
[0716/234824:ERROR:process_info.cc(608)] range at 0x77cbbc84, size 0x12 fully unreadable
[0716/234824:ERROR:process_info.cc(608)] range at 0x77cbbc84, size 0x12 fully unreadable
[0716/234824:ERROR:process_info.cc(608)] range at 0x77cbbc84, size 0x12 fully unreadable
[0716/234824:ERROR:process_info.cc(608)] range at 0x77db84b8, size 0x18 fully unreadable
[0716/234824:ERROR:process_info.cc(608)] range at 0x77db883c, size 0x20 fully unreadable
[0716/234824:ERROR:process_reader_win.cc(232)] ReadMemory at 0x10000000 of 64 bytes failed: 仅完成部分的 ReadProcessMemory 或 WriteProcessMemory 请求。 (0x12B)
[0716/234824:WARNING:pe_image_reader.cc(280)] could not read dos header from c:\program files (x86)\kingsoft\kingsoft antivirus\ks3rdhmpg.dll
[0716/234824:ERROR:process_reader_win.cc(232)] ReadMemory at 0x10000000 of 64 bytes failed: 仅完成部分的 ReadProcessMemory 或 WriteProcessMemory 请求。 (0x12B)
[0716/234824:WARNING:pe_image_reader.cc(280)] could not read dos header from c:\program files (x86)\kingsoft\kingsoft antivirus\ks3rdhmpg.dll
[0716/234824:ERROR:process_reader_win.cc(232)] ReadMemory at 0x6aa90000 of 64 bytes failed: 仅完成部分的 ReadProcessMemory 或 WriteProcessMemory 请求。 (0x12B)
[0716/234824:WARNING:pe_image_reader.cc(280)] could not read dos header from C:\Windows\SYSTEM32\USP10.dll
[0716/234824:ERROR:process_reader_win.cc(232)] ReadMemory at 0x6d660000 of 64 bytes failed: 仅完成部分的 ReadProcessMemory 或 WriteProcessMemory 请求。 (0x12B)
[0716/234824:WARNING:pe_image_reader.cc(280)] could not read dos header from C:\Windows\SYSTEM32\Secur32.dll
[0716/234824:ERROR:process_reader_win.cc(232)] ReadMemory at 0x69940000 of 64 bytes failed: 仅完成部分的 ReadProcessMemory 或 WriteProcessMemory 请求。 (0x12B)
[0716/234824:WARNING:pe_image_reader.cc(280)] could not read dos header from C:\Windows\SYSTEM32\dwrite.dll
[0716/234824:ERROR:process_reader_win.cc(141)] SuspendThread: 拒绝访问。 (0x5)
[0716/234824:ERROR:process_reader_win.cc(232)] ReadMemory at 0x6a960000 of 64 bytes failed: 仅完成部分的 ReadProcessMemory 或 WriteProcessMemory 请求。 (0x12B)
[0716/234824:WARNING:pe_image_reader.cc(280)] could not read dos header from C:\Windows\system32\apphelp.dll
[0716/234824:ERROR:process_reader_win.cc(232)] ReadMemory at 0x55530000 of 64 bytes failed: 仅完成部分的 ReadProcessMemory 或 WriteProcessMemory 请求。 (0x12B)
[0716/234824:WARNING:pe_image_reader.cc(280)] could not read dos header from C:\Program Files (x86)\Google\Chrome\Application\51.0.2704.103\chrome_elf.dll
[0716/234824:ERROR:process_reader_win.cc(232)] ReadMemory at 0x72080000 of 64 bytes failed: 仅完成部分的 ReadProcessMemory 或 WriteProcessMemory 请求。 (0x12B)
[0716/234824:WARNING:pe_image_reader.cc(280)] could not read dos header from C:\Windows\SYSTEM32\WINMMBASE.dll
[0716/234824:ERROR:process_reader_win.cc(232)] ReadMemory at 0x74aa0000 of 64 bytes failed: 仅完成部分的 ReadProcessMemory 或 WriteProcessMemory 请求。 (0x12B)
[0716/234824:WARNING:pe_image_reader.cc(280)] could not read dos header from C:\Windows\SYSTEM32\USER32.dll
[0716/234824:ERROR:process_reader_win.cc(232)] ReadMemory at 0x72640000 of 64 bytes failed: 仅完成部分的 ReadProcessMemory 或 WriteProcessMemory 请求。 (0x12B)
[0716/234824:WARNING:pe_image_reader.cc(280)] could not read dos header from C:\Windows\SYSTEM32\WINMM.dll
[0716/234824:ERROR:process_reader_win.cc(232)] ReadMemory at 0x74c50000 of 64 bytes failed: 仅完成部分的 ReadProcessMemory 或 WriteProcessMemory 请求。 (0x12B)
[0716/234824:WARNING:pe_image_reader.cc(280)] could not read dos header from C:\Windows\SYSTEM32\profapi.dll
[0716/234824:ERROR:process_reader_win.cc(232)] ReadMemory at 0x74520000 of 64 bytes failed: 仅完成部分的 ReadProcessMemory 或 WriteProcessMemory 请求。 (0x12B)
[0716/234824:WARNING:pe_image_reader.cc(280)] could not read dos header from C:\Windows\SYSTEM32\USERENV.dll
[0716/234824:ERROR:process_reader_win.cc(232)] ReadMemory at 0x74890000 of 64 bytes failed: 仅完成部分的 ReadProcessMemory 或 WriteProcessMemory 请求。 (0x12B)
[0716/234824:WARNING:pe_image_reader.cc(280)] could not read dos header from C:\Windows\SYSTEM32\WTSAPI32.dll
[0716/234824:ERROR:process_reader_win.cc(232)] ReadMemory at 0x72680000 of 64 bytes failed: 仅完成部分的 ReadProcessMemory 或 WriteProcessMemory 请求。 (0x12B)
[0716/234824:WARNING:pe_image_reader.cc(280)] could not read dos header from C:\Windows\SYSTEM32\WINHTTP.dll
[0716/234824:ERROR:process_reader_win.cc(232)] ReadMemory at 0x757f0000 of 64 bytes failed: 仅完成部分的 ReadProcessMemory 或 WriteProcessMemory 请求。 (0x12B)
[0716/234824:WARNING:pe_image_reader.cc(280)] could not read dos header from C:\Windows\SYSTEM32\shlwapi.dll
[0716/234824:ERROR:process_reader_win.cc(232)] ReadMemory at 0x74a90000 of 64 bytes failed: 仅完成部分的 ReadProcessMemory 或 WriteProcessMemory 请求。 (0x12B)
[0716/234824:WARNING:pe_image_reader.cc(280)] could not read dos header from C:\Windows\SYSTEM32\kernel.appcore.dll
[0716/234824:ERROR:process_reader_win.cc(232)] ReadMemory at 0x74a00000 of 64 bytes failed: 仅完成部分的 ReadProcessMemory 或 WriteProcessMemory 请求。 (0x12B)
[0716/234824:WARNING:pe_image_reader.cc(280)] could not read dos header from C:\Windows\SYSTEM32\shcore.dll
[0716/234824:ERROR:process_reader_win.cc(232)] ReadMemory at 0x75260000 of 64 bytes failed: 仅完成部分的 ReadProcessMemory 或 WriteProcessMemory 请求。 (0x12B)
[0716/234824:WARNING:pe_image_reader.cc(280)] could not read dos header from C:\Windows\SYSTEM32\powrprof.dll
[0716/234824:ERROR:process_reader_win.cc(232)] ReadMemory at 0x773c0000 of 64 bytes failed: 仅完成部分的 ReadProcessMemory 或 WriteProcessMemory 请求。 (0x12B)
[0716/234824:WARNING:pe_image_reader.cc(280)] could not read dos header from C:\Windows\SYSTEM32\windows.storage.dll
[0716/234824:ERROR:process_reader_win.cc(232)] ReadMemory at 0x75c60000 of 64 bytes failed: 仅完成部分的 ReadProcessMemory 或 WriteProcessMemory 请求。 (0x12B)
[0716/234824:WARNING:pe_image_reader.cc(280)] could not read dos header from C:\Windows\SYSTEM32\SHELL32.dll
[0716/234824:ERROR:process_reader_win.cc(232)] ReadMemory at 0x6a520000 of 64 bytes failed: 仅完成部分的 ReadProcessMemory 或 WriteProcessMemory 请求。 (0x12B)
[0716/234824:WARNING:pe_image_reader.cc(280)] could not read dos header from C:\Windows\SYSTEM32\OLEACC.dll
[0716/234824:ERROR:process_reader_win.cc(232)] ReadMemory at 0x10000000 of 64 bytes failed: 仅完成部分的 ReadProcessMemory 或 WriteProcessMemory 请求。 (0x12B)
[0716/234824:WARNING:pe_image_reader.cc(280)] could not read dos header from c:\program files (x86)\kingsoft\kingsoft antivirus\ks3rdhmpg.dll
[0716/234824:ERROR:process_reader_win.cc(232)] ReadMemory at 0x73380000 of 64 bytes failed: 仅完成部分的 ReadProcessMemory 或 WriteProcessMemory 请求。 (0x12B)
[0716/234824:WARNING:pe_image_reader.cc(280)] could not read dos header from C:\Windows\SYSTEM32\bcrypt.dll
[0716/234824:ERROR:process_reader_win.cc(232)] ReadMemory at 0x733a0000 of 64 bytes failed: 仅完成部分的 ReadProcessMemory 或 WriteProcessMemory 请求。 (0x12B)
[0716/234824:WARNING:pe_image_reader.cc(280)] could not read dos header from C:\Windows\SYSTEM32\WINSPOOL.DRV
[0716/234824:ERROR:process_reader_win.cc(232)] ReadMemory at 0x73410000 of 64 bytes failed: 仅完成部分的 ReadProcessMemory 或 WriteProcessMemory 请求。 (0x12B)
[0716/234824:WARNING:pe_image_reader.cc(280)] could not read dos header from C:\Windows\WinSxS\x86_microsoft.windows.common-controls_6595b64144ccf1df_6.0.10586.494_none_ea85e725b9ba5a4b\COMCTL32.dll
[0716/234824:ERROR:process_reader_win.cc(232)] ReadMemory at 0x778c0000 of 64 bytes failed: 仅完成部分的 ReadProcessMemory 或 WriteProcessMemory 请求。 (0x12B)
[0716/234824:WARNING:pe_image_reader.cc(280)] could not read dos header from C:\Windows\SYSTEM32\FirewallAPI.dll
[0716/234824:ERROR:process_reader_win.cc(232)] ReadMemory at 0x72720000 of 64 bytes failed: 仅完成部分的 ReadProcessMemory 或 WriteProcessMemory 请求。 (0x12B)
[0716/234824:WARNING:pe_image_reader.cc(280)] could not read dos header from C:\Windows\SYSTEM32\fwbase.dll
[0716/234824:ERROR:process_reader_win.cc(232)] ReadMemory at 0x752b0000 of 64 bytes failed: 仅完成部分的 ReadProcessMemory 或 WriteProcessMemory 请求。 (0x12B)
[0716/234824:WARNING:pe_image_reader.cc(280)] could not read dos header from C:\Windows\SYSTEM32\NETAPI32.dll
[0716/234824:ERROR:process_reader_win.cc(232)] ReadMemory at 0x73370000 of 64 bytes failed: 仅完成部分的 ReadProcessMemory 或 WriteProcessMemory 请求。 (0x12B)
[0716/234824:WARNING:pe_image_reader.cc(280)] could not read dos header from C:\Windows\SYSTEM32\DAVHLPR.DLL
[0716/234824:ERROR:process_reader_win.cc(232)] ReadMemory at 0x770c0000 of 64 bytes failed: 仅完成部分的 ReadProcessMemory 或 WriteProcessMemory 请求。 (0x12B)
[0716/234824:WARNING:pe_image_reader.cc(280)] could not read dos header from C:\Windows\SYSTEM32\COMDLG32.dll
[0716/234824:ERROR:process_reader_win.cc(232)] ReadMemory at 0x771c0000 of 64 bytes failed: 仅完成部分的 ReadProcessMemory 或 WriteProcessMemory 请求。 (0x12B)
[0716/234824:WARNING:pe_image_reader.cc(280)] could not read dos header from C:\Windows\SYSTEM32\ole32.dll
[0716/234824:ERROR:process_reader_win.cc(232)] ReadMemory at 0x75a20000 of 64 bytes failed: 仅完成部分的 ReadProcessMemory 或 WriteProcessMemory 请求。 (0x12B)
[0716/234824:WARNING:pe_image_reader.cc(280)] could not read dos header from C:\Windows\SYSTEM32\OLEAUT32.dll
[0716/234824:ERROR:process_reader_win.cc(232)] ReadMemory at 0x74560000 of 64 bytes failed: 仅完成部分的 ReadProcessMemory 或 WriteProcessMemory 请求。 (0x12B)
[0716/234824:WARNING:pe_image_reader.cc(280)] could not read dos header from C:\Windows\SYSTEM32\IPHLPAPI.DLL
[0716/234824:ERROR:process_reader_win.cc(232)] ReadMemory at 0x77920000 of 64 bytes failed: 仅完成部分的 ReadProcessMemory 或 WriteProcessMemory 请求。 (0x12B)
[0716/234824:WARNING:pe_image_reader.cc(280)] could not read dos header from C:\Windows\SYSTEM32\WS2_32.dll
[0716/234824:ERROR:process_reader_win.cc(232)] ReadMemory at 0x6aa90000 of 64 bytes failed: 仅完成部分的 ReadProcessMemory 或 WriteProcessMemory 请求。 (0x12B)
[0716/234824:WARNING:pe_image_reader.cc(280)] could not read dos header from C:\Windows\SYSTEM32\USP10.dll
[0716/234824:ERROR:process_reader_win.cc(232)] ReadMemory at 0x75ad0000 of 64 bytes failed: 仅完成部分的 ReadProcessMemory 或 WriteProcessMemory 请求。 (0x12B)
[0716/234824:WARNING:pe_image_reader.cc(280)] could not read dos header from C:\Windows\SYSTEM32\MSASN1.dll
[0716/234824:ERROR:process_reader_win.cc(232)] ReadMemory at 0x75890000 of 64 bytes failed: 仅完成部分的 ReadProcessMemory 或 WriteProcessMemory 请求。 (0x12B)
[0716/234824:WARNING:pe_image_reader.cc(280)] could not read dos header from C:\Windows\SYSTEM32\CRYPT32.dll
[0716/234824:ERROR:process_reader_win.cc(232)] ReadMemory at 0x757a0000 of 64 bytes failed: 仅完成部分的 ReadProcessMemory 或 WriteProcessMemory 请求。 (0x12B)
[0716/234824:WARNING:pe_image_reader.cc(280)] could not read dos header from C:\Windows\SYSTEM32\WINTRUST.dll
[0716/234824:ERROR:process_reader_win.cc(232)] ReadMemory at 0x6d660000 of 64 bytes failed: 仅完成部分的 ReadProcessMemory 或 WriteProcessMemory 请求。 (0x12B)
[0716/234824:WARNING:pe_image_reader.cc(280)] could not read dos header from C:\Windows\SYSTEM32\Secur32.dll
[0716/234824:ERROR:process_reader_win.cc(232)] ReadMemory at 0x16e0000 of 64 bytes failed: 仅完成部分的 ReadProcessMemory 或 WriteProcessMemory 请求。 (0x12B)
[0716/234824:WARNING:pe_image_reader.cc(280)] could not read dos header from C:\Program Files (x86)\Google\Chrome\Application\51.0.2704.103\chrome_child.dll
[0716/234824:ERROR:process_reader_win.cc(232)] ReadMemory at 0x69940000 of 64 bytes failed: 仅完成部分的 ReadProcessMemory 或 WriteProcessMemory 请求。 (0x12B)
[0716/234824:WARNING:pe_image_reader.cc(280)] could not read dos header from C:\Windows\SYSTEM32\dwrite.dll
[0716/234824:ERROR:process_reader_win.cc(232)] ReadMemory at 0x12c374 of 12 bytes failed: 仅完成部分的 ReadProcessMemory 或 WriteProcessMemory 请求。 (0x12B)
[0716/234824:WARNING:process_snapshot_win.cc(102)] ReadMemory ExceptionInformation failed
[0716/234824:WARNING:crash_report_exception_handler.cc(60)] ProcessSnapshotWin::InitializeException failed
[0716/234824:ERROR:scoped_process_suspend.cc(38)] NtResumeProcess, ntstatus=-1073741558
[0721/194135:ERROR:process_info.cc(330)] VirtualQueryEx: 拒绝访问。 (0x5)
[0721/194135:ERROR:process_info.cc(547)] ReadMemoryInfo failed
[0721/194135:ERROR:process_info.cc(608)] range at 0x7722ab40, size 0x24 fully unreadable
[0721/194135:ERROR:process_info.cc(608)] range at 0x7712bc84, size 0x12 fully unreadable
[0721/194135:ERROR:process_info.cc(608)] range at 0x7712bc84, size 0x12 fully unreadable
[0721/194135:ERROR:process_info.cc(608)] range at 0x7712bc84, size 0x12 fully unreadable
[0721/194135:ERROR:process_info.cc(608)] range at 0x772284b8, size 0x18 fully unreadable
[0721/194135:ERROR:process_info.cc(608)] range at 0x7722883c, size 0x20 fully unreadable
[0721/194135:ERROR:process_reader_win.cc(232)] ReadMemory at 0x69920000 of 64 bytes failed: 仅完成部分的 ReadProcessMemory 或 WriteProcessMemory 请求。 (0x12B)
[0721/194135:WARNING:pe_image_reader.cc(280)] could not read dos header from C:\Windows\system32\apphelp.dll
[0721/194135:ERROR:process_reader_win.cc(232)] ReadMemory at 0x71de0000 of 64 bytes failed: 仅完成部分的 ReadProcessMemory 或 WriteProcessMemory 请求。 (0x12B)
[0721/194135:WARNING:pe_image_reader.cc(280)] could not read dos header from C:\Windows\SYSTEM32\WINMMBASE.dll
[0721/194135:ERROR:process_reader_win.cc(232)] ReadMemory at 0x72040000 of 64 bytes failed: 仅完成部分的 ReadProcessMemory 或 WriteProcessMemory 请求。 (0x12B)
[0721/194135:WARNING:pe_image_reader.cc(280)] could not read dos header from C:\Windows\SYSTEM32\WINMM.dll
[0721/194135:ERROR:process_reader_win.cc(232)] ReadMemory at 0x73170000 of 64 bytes failed: 仅完成部分的 ReadProcessMemory 或 WriteProcessMemory 请求。 (0x12B)
[0721/194135:WARNING:pe_image_reader.cc(280)] could not read dos header from C:\Windows\SYSTEM32\WINHTTP.dll
[0721/194135:ERROR:process_reader_win.cc(232)] ReadMemory at 0x739d0000 of 64 bytes failed: 仅完成部分的 ReadProcessMemory 或 WriteProcessMemory 请求。 (0x12B)
[0721/194135:WARNING:pe_image_reader.cc(280)] could not read dos header from C:\Windows\SYSTEM32\SHELL32.dll
[0721/194135:ERROR:process_reader_win.cc(232)] ReadMemory at 0x72070000 of 64 bytes failed: 仅完成部分的 ReadProcessMemory 或 WriteProcessMemory 请求。 (0x12B)
[0721/194135:WARNING:pe_image_reader.cc(280)] could not read dos header from C:\Windows\SYSTEM32\OLEACC.dll
[0721/194135:ERROR:process_reader_win.cc(232)] ReadMemory at 0x10000000 of 64 bytes failed: 仅完成部分的 ReadProcessMemory 或 WriteProcessMemory 请求。 (0x12B)
[0721/194135:WARNING:pe_image_reader.cc(280)] could not read dos header from c:\program files (x86)\kingsoft\kingsoft antivirus\ks3rdhmpg.dll
[0721/194135:ERROR:process_reader_win.cc(232)] ReadMemory at 0x72cd0000 of 64 bytes failed: 仅完成部分的 ReadProcessMemory 或 WriteProcessMemory 请求。 (0x12B)
[0721/194135:WARNING:pe_image_reader.cc(280)] could not read dos header from C:\Windows\SYSTEM32\bcrypt.dll
[0721/194135:ERROR:process_reader_win.cc(232)] ReadMemory at 0x72d00000 of 64 bytes failed: 仅完成部分的 ReadProcessMemory 或 WriteProcessMemory 请求。 (0x12B)
[0721/194135:WARNING:pe_image_reader.cc(280)] could not read dos header from C:\Windows\SYSTEM32\WINSPOOL.DRV
[0721/194135:ERROR:process_reader_win.cc(232)] ReadMemory at 0x72290000 of 64 bytes failed: 仅完成部分的 ReadProcessMemory 或 WriteProcessMemory 请求。 (0x12B)
[0721/194135:WARNING:pe_image_reader.cc(280)] could not read dos header from C:\Windows\WinSxS\x86_microsoft.windows.common-controls_6595b64144ccf1df_6.0.10586.494_none_ea85e725b9ba5a4b\COMCTL32.dll
[0721/194135:ERROR:process_reader_win.cc(232)] ReadMemory at 0x71800000 of 64 bytes failed: 仅完成部分的 ReadProcessMemory 或 WriteProcessMemory 请求。 (0x12B)
[0721/194135:WARNING:pe_image_reader.cc(280)] could not read dos header from C:\Windows\SYSTEM32\fwbase.dll
[0721/194135:ERROR:process_reader_win.cc(232)] ReadMemory at 0x72280000 of 64 bytes failed: 仅完成部分的 ReadProcessMemory 或 WriteProcessMemory 请求。 (0x12B)
[0721/194135:WARNING:pe_image_reader.cc(280)] could not read dos header from C:\Windows\SYSTEM32\DAVHLPR.DLL
[0721/194135:ERROR:process_reader_win.cc(232)] ReadMemory at 0x64f20000 of 64 bytes failed: 仅完成部分的 ReadProcessMemory 或 WriteProcessMemory 请求。 (0x12B)
[0721/194135:WARNING:pe_image_reader.cc(280)] could not read dos header from C:\Windows\SYSTEM32\USP10.dll
[0721/194135:ERROR:process_reader_win.cc(232)] ReadMemory at 0x6c8c0000 of 64 bytes failed: 仅完成部分的 ReadProcessMemory 或 WriteProcessMemory 请求。 (0x12B)
[0721/194135:WARNING:pe_image_reader.cc(280)] could not read dos header from C:\Windows\SYSTEM32\Secur32.dll
[0721/194135:ERROR:process_reader_win.cc(232)] ReadMemory at 0x17c0000 of 64 bytes failed: 仅完成部分的 ReadProcessMemory 或 WriteProcessMemory 请求。 (0x12B)
[0721/194135:WARNING:pe_image_reader.cc(280)] could not read dos header from C:\Program Files (x86)\Google\Chrome\Application\51.0.2704.103\chrome_child.dll
[0721/194135:ERROR:process_reader_win.cc(232)] ReadMemory at 0x60be0000 of 64 bytes failed: 仅完成部分的 ReadProcessMemory 或 WriteProcessMemory 请求。 (0x12B)
[0721/194135:WARNING:pe_image_reader.cc(280)] could not read dos header from C:\Windows\SYSTEM32\dwrite.dll
[0721/194135:ERROR:process_reader_win.cc(232)] ReadMemory at 0x69920000 of 64 bytes failed: 仅完成部分的 ReadProcessMemory 或 WriteProcessMemory 请求。 (0x12B)
[0721/194135:WARNING:pe_image_reader.cc(280)] could not read dos header from C:\Windows\system32\apphelp.dll
[0721/194135:ERROR:process_reader_win.cc(232)] ReadMemory at 0x71de0000 of 64 bytes failed: 仅完成部分的 ReadProcessMemory 或 WriteProcessMemory 请求。 (0x12B)
[0721/194135:WARNING:pe_image_reader.cc(280)] could not read dos header from C:\Windows\SYSTEM32\WINMMBASE.dll
[0721/194135:ERROR:process_reader_win.cc(232)] ReadMemory at 0x72040000 of 64 bytes failed: 仅完成部分的 ReadProcessMemory 或 WriteProcessMemory 请求。 (0x12B)
[0721/194135:WARNING:pe_image_reader.cc(280)] could not read dos header from C:\Windows\SYSTEM32\WINMM.dll
[0721/194135:ERROR:process_reader_win.cc(232)] ReadMemory at 0x73170000 of 64 bytes failed: 仅完成部分的 ReadProcessMemory 或 WriteProcessMemory 请求。 (0x12B)
[0721/194135:WARNING:pe_image_reader.cc(280)] could not read dos header from C:\Windows\SYSTEM32\WINHTTP.dll
[0721/194135:ERROR:process_reader_win.cc(232)] ReadMemory at 0x739d0000 of 64 bytes failed: 仅完成部分的 ReadProcessMemory 或 WriteProcessMemory 请求。 (0x12B)
[0721/194135:WARNING:pe_image_reader.cc(280)] could not read dos header from C:\Windows\SYSTEM32\SHELL32.dll
[0721/194135:ERROR:process_reader_win.cc(232)] ReadMemory at 0x72070000 of 64 bytes failed: 仅完成部分的 ReadProcessMemory 或 WriteProcessMemory 请求。 (0x12B)
[0721/194135:WARNING:pe_image_reader.cc(280)] could not read dos header from C:\Windows\SYSTEM32\OLEACC.dll
[0721/194135:ERROR:process_reader_win.cc(232)] ReadMemory at 0x10000000 of 64 bytes failed: 仅完成部分的 ReadProcessMemory 或 WriteProcessMemory 请求。 (0x12B)
[0721/194135:WARNING:pe_image_reader.cc(280)] could not read dos header from c:\program files (x86)\kingsoft\kingsoft antivirus\ks3rdhmpg.dll
[0721/194135:ERROR:process_reader_win.cc(232)] ReadMemory at 0x72cd0000 of 64 bytes failed: 仅完成部分的 ReadProcessMemory 或 WriteProcessMemory 请求。 (0x12B)
[0721/194135:WARNING:pe_image_reader.cc(280)] could not read dos header from C:\Windows\SYSTEM32\bcrypt.dll
[0721/194135:ERROR:process_reader_win.cc(232)] ReadMemory at 0x72d00000 of 64 bytes failed: 仅完成部分的 ReadProcessMemory 或 WriteProcessMemory 请求。 (0x12B)
[0721/194135:WARNING:pe_image_reader.cc(280)] could not read dos header from C:\Windows\SYSTEM32\WINSPOOL.DRV
[0721/194135:ERROR:process_reader_win.cc(232)] ReadMemory at 0x72290000 of 64 bytes failed: 仅完成部分的 ReadProcessMemory 或 WriteProcessMemory 请求。 (0x12B)
[0721/194135:WARNING:pe_image_reader.cc(280)] could not read dos header from C:\Windows\WinSxS\x86_microsoft.windows.common-controls_6595b64144ccf1df_6.0.10586.494_none_ea85e725b9ba5a4b\COMCTL32.dll
[0721/194135:ERROR:process_reader_win.cc(232)] ReadMemory at 0x71800000 of 64 bytes failed: 仅完成部分的 ReadProcessMemory 或 WriteProcessMemory 请求。 (0x12B)
[0721/194135:WARNING:pe_image_reader.cc(280)] could not read dos header from C:\Windows\SYSTEM32\fwbase.dll
[0721/194135:ERROR:process_reader_win.cc(232)] ReadMemory at 0x72280000 of 64 bytes failed: 仅完成部分的 ReadProcessMemory 或 WriteProcessMemory 请求。 (0x12B)
[0721/194135:WARNING:pe_image_reader.cc(280)] could not read dos header from C:\Windows\SYSTEM32\DAVHLPR.DLL
[0721/194135:ERROR:process_reader_win.cc(232)] ReadMemory at 0x759c0000 of 64 bytes failed: 仅完成部分的 ReadProcessMemory 或 WriteProcessMemory 请求。 (0x12B)
[0721/194135:WARNING:pe_image_reader.cc(280)] could not read dos header from C:\Windows\SYSTEM32\COMDLG32.dll
[0721/194135:ERROR:process_reader_win.cc(232)] ReadMemory at 0x75380000 of 64 bytes failed: 仅完成部分的 ReadProcessMemory 或 WriteProcessMemory 请求。 (0x12B)
[0721/194135:WARNING:pe_image_reader.cc(280)] could not read dos header from C:\Windows\SYSTEM32\ole32.dll
[0721/194135:ERROR:process_reader_win.cc(232)] ReadMemory at 0x75910000 of 64 bytes failed: 仅完成部分的 ReadProcessMemory 或 WriteProcessMemory 请求。 (0x12B)
[0721/194135:WARNING:pe_image_reader.cc(280)] could not read dos header from C:\Windows\SYSTEM32\OLEAUT32.dll
[0721/194135:ERROR:process_reader_win.cc(232)] ReadMemory at 0x74f00000 of 64 bytes failed: 仅完成部分的 ReadProcessMemory 或 WriteProcessMemory 请求。 (0x12B)
[0721/194135:WARNING:pe_image_reader.cc(280)] could not read dos header from C:\Windows\SYSTEM32\IPHLPAPI.DLL
[0721/194135:ERROR:process_reader_win.cc(232)] ReadMemory at 0x64f20000 of 64 bytes failed: 仅完成部分的 ReadProcessMemory 或 WriteProcessMemory 请求。 (0x12B)
[0721/194135:WARNING:pe_image_reader.cc(280)] could not read dos header from C:\Windows\SYSTEM32\USP10.dll
[0721/194135:ERROR:process_reader_win.cc(232)] ReadMemory at 0x75800000 of 64 bytes failed: 仅完成部分的 ReadProcessMemory 或 WriteProcessMemory 请求。 (0x12B)
[0721/194135:WARNING:pe_image_reader.cc(280)] could not read dos header from C:\Windows\SYSTEM32\MSASN1.dll
[0721/194135:ERROR:process_reader_win.cc(232)] ReadMemory at 0x76cb0000 of 64 bytes failed: 仅完成部分的 ReadProcessMemory 或 WriteProcessMemory 请求。 (0x12B)
[0721/194135:WARNING:pe_image_reader.cc(280)] could not read dos header from C:\Windows\SYSTEM32\CRYPT32.dll
[0721/194135:ERROR:process_reader_win.cc(232)] ReadMemory at 0x76850000 of 64 bytes failed: 仅完成部分的 ReadProcessMemory 或 WriteProcessMemory 请求。 (0x12B)
[0721/194135:WARNING:pe_image_reader.cc(280)] could not read dos header from C:\Windows\SYSTEM32\WINTRUST.dll
[0721/194135:ERROR:process_reader_win.cc(232)] ReadMemory at 0x6c8c0000 of 64 bytes failed: 仅完成部分的 ReadProcessMemory 或 WriteProcessMemory 请求。 (0x12B)
[0721/194135:WARNING:pe_image_reader.cc(280)] could not read dos header from C:\Windows\SYSTEM32\Secur32.dll
[0721/194135:ERROR:process_reader_win.cc(232)] ReadMemory at 0x17c0000 of 64 bytes failed: 仅完成部分的 ReadProcessMemory 或 WriteProcessMemory 请求。 (0x12B)
[0721/194135:WARNING:pe_image_reader.cc(280)] could not read dos header from C:\Program Files (x86)\Google\Chrome\Application\51.0.2704.103\chrome_child.dll
[0721/194135:ERROR:process_reader_win.cc(232)] ReadMemory at 0x60be0000 of 64 bytes failed: 仅完成部分的 ReadProcessMemory 或 WriteProcessMemory 请求。 (0x12B)
[0721/194135:WARNING:pe_image_reader.cc(280)] could not read dos header from C:\Windows\SYSTEM32\dwrite.dll
[0721/194135:ERROR:process_reader_win.cc(98)] process 12068 not found
[0721/194135:ERROR:process_reader_win.cc(232)] ReadMemory at 0xb50000 of 64 bytes failed: 仅完成部分的 ReadProcessMemory 或 WriteProcessMemory 请求。 (0x12B)
[0721/194135:WARNING:pe_image_reader.cc(280)] could not read dos header from C:\Program Files (x86)\Google\Chrome\Application\chrome.exe
[0721/194135:ERROR:process_reader_win.cc(232)] ReadMemory at 0x77120000 of 64 bytes failed: 仅完成部分的 ReadProcessMemory 或 WriteProcessMemory 请求。 (0x12B)
[0721/194135:WARNING:pe_image_reader.cc(280)] could not read dos header from C:\Windows\SYSTEM32\ntdll.dll
[0721/194135:ERROR:process_reader_win.cc(232)] ReadMemory at 0x76fa0000 of 64 bytes failed: 仅完成部分的 ReadProcessMemory 或 WriteProcessMemory 请求。 (0x12B)
[0721/194135:WARNING:pe_image_reader.cc(280)] could not read dos header from C:\Windows\SYSTEM32\KERNELBASE.dll
[0721/194135:ERROR:process_reader_win.cc(232)] ReadMemory at 0x76630000 of 64 bytes failed: 仅完成部分的 ReadProcessMemory 或 WriteProcessMemory 请求。 (0x12B)
[0721/194135:WARNING:pe_image_reader.cc(280)] could not read dos header from C:\Windows\SYSTEM32\KERNEL32.DLL
[0721/194135:ERROR:process_reader_win.cc(232)] ReadMemory at 0x69920000 of 64 bytes failed: 仅完成部分的 ReadProcessMemory 或 WriteProcessMemory 请求。 (0x12B)
[0721/194135:WARNING:pe_image_reader.cc(280)] could not read dos header from C:\Windows\system32\apphelp.dll
[0721/194135:ERROR:process_reader_win.cc(232)] ReadMemory at 0x76770000 of 64 bytes failed: 仅完成部分的 ReadProcessMemory 或 WriteProcessMemory 请求。 (0x12B)
[0721/194135:WARNING:pe_image_reader.cc(280)] could not read dos header from C:\Windows\SYSTEM32\msvcrt.dll
[0721/194135:ERROR:process_reader_win.cc(232)] ReadMemory at 0x758a0000 of 64 bytes failed: 仅完成部分的 ReadProcessMemory 或 WriteProcessMemory 请求。 (0x12B)
[0721/194135:WARNING:pe_image_reader.cc(280)] could not read dos header from C:\Windows\SYSTEM32\bcryptPrimitives.dll
[0721/194135:ERROR:process_reader_win.cc(232)] ReadMemory at 0x75240000 of 64 bytes failed: 仅完成部分的 ReadProcessMemory 或 WriteProcessMemory 请求。 (0x12B)
[0721/194135:WARNING:pe_image_reader.cc(280)] could not read dos header from C:\Windows\SYSTEM32\CRYPTBASE.dll
[0721/194135:ERROR:process_reader_win.cc(232)] ReadMemory at 0x75250000 of 64 bytes failed: 仅完成部分的 ReadProcessMemory 或 WriteProcessMemory 请求。 (0x12B)
[0721/194135:WARNING:pe_image_reader.cc(280)] could not read dos header from C:\Windows\SYSTEM32\SspiCli.dll
[0721/194135:ERROR:process_reader_win.cc(232)] ReadMemory at 0x75d20000 of 64 bytes failed: 仅完成部分的 ReadProcessMemory 或 WriteProcessMemory 请求。 (0x12B)
[0721/194135:WARNING:pe_image_reader.cc(280)] could not read dos header from C:\Windows\SYSTEM32\RPCRT4.dll
[0721/194135:ERROR:process_reader_win.cc(232)] ReadMemory at 0x75cd0000 of 64 bytes failed: 仅完成部分的 ReadProcessMemory 或 WriteProcessMemory 请求。 (0x12B)
[0721/194135:WARNING:pe_image_reader.cc(280)] could not read dos header from C:\Windows\SYSTEM32\sechost.dll
[0721/194135:ERROR:process_reader_win.cc(232)] ReadMemory at 0x75780000 of 64 bytes failed: 仅完成部分的 ReadProcessMemory 或 WriteProcessMemory 请求。 (0x12B)
[0721/194135:WARNING:pe_image_reader.cc(280)] could not read dos header from C:\Windows\SYSTEM32\ADVAPI32.dll
[0721/194135:ERROR:process_reader_win.cc(232)] ReadMemory at 0x77e30000 of 64 bytes failed: 仅完成部分的 ReadProcessMemory 或 WriteProcessMemory 请求。 (0x12B)
[0721/194135:WARNING:pe_image_reader.cc(280)] could not read dos header from C:\Program Files (x86)\Google\Chrome\Application\51.0.2704.103\chrome_elf.dll
[0721/194135:ERROR:process_reader_win.cc(232)] ReadMemory at 0x750f0000 of 64 bytes failed: 仅完成部分的 ReadProcessMemory 或 WriteProcessMemory 请求。 (0x12B)
[0721/194135:WARNING:pe_image_reader.cc(280)] could not read dos header from C:\Windows\SYSTEM32\VERSION.dll
[0721/194135:ERROR:process_reader_win.cc(232)] ReadMemory at 0x75740000 of 64 bytes failed: 仅完成部分的 ReadProcessMemory 或 WriteProcessMemory 请求。 (0x12B)
[0721/194135:WARNING:pe_image_reader.cc(280)] could not read dos header from C:\Windows\SYSTEM32\cfgmgr32.dll
[0721/194135:ERROR:process_reader_win.cc(232)] ReadMemory at 0x71de0000 of 64 bytes failed: 仅完成部分的 ReadProcessMemory 或 WriteProcessMemory 请求。 (0x12B)
[0721/194135:WARNING:pe_image_reader.cc(280)] could not read dos header from C:\Windows\SYSTEM32\WINMMBASE.dll
[0721/194135:ERROR:process_reader_win.cc(232)] ReadMemory at 0x755f0000 of 64 bytes failed: 仅完成部分的 ReadProcessMemory 或 WriteProcessMemory 请求。 (0x12B)
[0721/194135:WARNING:pe_image_reader.cc(280)] could not read dos header from C:\Windows\SYSTEM32\GDI32.dll
[0721/194135:ERROR:process_reader_win.cc(232)] ReadMemory at 0x763d0000 of 64 bytes failed: 仅完成部分的 ReadProcessMemory 或 WriteProcessMemory 请求。 (0x12B)
[0721/194135:WARNING:pe_image_reader.cc(280)] could not read dos header from C:\Windows\SYSTEM32\USER32.dll
[0721/194135:ERROR:process_reader_win.cc(232)] ReadMemory at 0x75ca0000 of 64 bytes failed: 仅完成部分的 ReadProcessMemory 或 WriteProcessMemory 请求。 (0x12B)
[0721/194135:WARNING:pe_image_reader.cc(280)] could not read dos header from C:\Windows\SYSTEM32\IMM32.DLL
[0721/194135:ERROR:process_reader_win.cc(232)] ReadMemory at 0x72040000 of 64 bytes failed: 仅完成部分的 ReadProcessMemory 或 WriteProcessMemory 请求。 (0x12B)
[0721/194135:WARNING:pe_image_reader.cc(280)] could not read dos header from C:\Windows\SYSTEM32\WINMM.dll
[0721/194135:ERROR:process_reader_win.cc(232)] ReadMemory at 0x75280000 of 64 bytes failed: 仅完成部分的 ReadProcessMemory 或 WriteProcessMemory 请求。 (0x12B)
[0721/194135:WARNING:pe_image_reader.cc(280)] could not read dos header from C:\Windows\SYSTEM32\profapi.dll
[0721/194135:ERROR:process_reader_win.cc(232)] ReadMemory at 0x74ec0000 of 64 bytes failed: 仅完成部分的 ReadProcessMemory 或 WriteProcessMemory 请求。 (0x12B)
[0721/194135:WARNING:pe_image_reader.cc(280)] could not read dos header from C:\Windows\SYSTEM32\USERENV.dll
[0721/194135:ERROR:process_reader_win.cc(232)] ReadMemory at 0x75190000 of 64 bytes failed: 仅完成部分的 ReadProcessMemory 或 WriteProcessMemory 请求。 (0x12B)
[0721/194135:WARNING:pe_image_reader.cc(280)] could not read dos header from C:\Windows\SYSTEM32\WTSAPI32.dll
[0721/194135:ERROR:process_reader_win.cc(232)] ReadMemory at 0x73170000 of 64 bytes failed: 仅完成部分的 ReadProcessMemory 或 WriteProcessMemory 请求。 (0x12B)
[0721/194135:WARNING:pe_image_reader.cc(280)] could not read dos header from C:\Windows\SYSTEM32\WINHTTP.dll
[0721/194135:ERROR:process_reader_win.cc(232)] ReadMemory at 0x75900000 of 64 bytes failed: 仅完成部分的 ReadProcessMemory 或 WriteProcessMemory 请求。 (0x12B)
[0721/194135:WARNING:pe_image_reader.cc(280)] could not read dos header from C:\Windows\SYSTEM32\PSAPI.DLL
[0721/194135:ERROR:process_reader_win.cc(232)] ReadMemory at 0x75ac0000 of 64 bytes failed: 仅完成部分的 ReadProcessMemory 或 WriteProcessMemory 请求。 (0x12B)
[0721/194135:WARNING:pe_image_reader.cc(280)] could not read dos header from C:\Windows\SYSTEM32\combase.dll
[0721/194135:ERROR:process_reader_win.cc(232)] ReadMemory at 0x75e30000 of 64 bytes failed: 仅完成部分的 ReadProcessMemory 或 WriteProcessMemory 请求。 (0x12B)
[0721/194135:WARNING:pe_image_reader.cc(280)] could not read dos header from C:\Windows\SYSTEM32\shlwapi.dll
[0721/194135:ERROR:process_reader_win.cc(232)] ReadMemory at 0x75270000 of 64 bytes failed: 仅完成部分的 ReadProcessMemory 或 WriteProcessMemory 请求。 (0x12B)
[0721/194135:WARNING:pe_image_reader.cc(280)] could not read dos header from C:\Windows\SYSTEM32\kernel.appcore.dll
[0721/194135:ERROR:process_reader_win.cc(232)] ReadMemory at 0x75810000 of 64 bytes failed: 仅完成部分的 ReadProcessMemory 或 WriteProcessMemory 请求。 (0x12B)
[0721/194135:WARNING:pe_image_reader.cc(280)] could not read dos header from C:\Windows\SYSTEM32\shcore.dll
[0721/194135:ERROR:process_reader_win.cc(232)] ReadMemory at 0x76380000 of 64 bytes failed: 仅完成部分的 ReadProcessMemory 或 WriteProcessMemory 请求。 (0x12B)
[0721/194135:WARNING:pe_image_reader.cc(280)] could not read dos header from C:\Windows\SYSTEM32\powrprof.dll
[0721/194135:ERROR:process_reader_win.cc(232)] ReadMemory at 0x75e80000 of 64 bytes failed: 仅完成部分的 ReadProcessMemory 或 WriteProcessMemory 请求。 (0x12B)
[0721/194135:WARNING:pe_image_reader.cc(280)] could not read dos header from C:\Windows\SYSTEM32\windows.storage.dll
[0721/194135:ERROR:process_reader_win.cc(232)] ReadMemory at 0x739d0000 of 64 bytes failed: 仅完成部分的 ReadProcessMemory 或 WriteProcessMemory 请求。 (0x12B)
[0721/194135:WARNING:pe_image_reader.cc(280)] could not read dos header from C:\Windows\SYSTEM32\SHELL32.dll
[0721/194135:ERROR:process_reader_win.cc(232)] ReadMemory at 0x72070000 of 64 bytes failed: 仅完成部分的 ReadProcessMemory 或 WriteProcessMemory 请求。 (0x12B)
[0721/194135:WARNING:pe_image_reader.cc(280)] could not read dos header from C:\Windows\SYSTEM32\OLEACC.dll
[0721/194135:ERROR:process_reader_win.cc(232)] ReadMemory at 0x10000000 of 64 bytes failed: 仅完成部分的 ReadProcessMemory 或 WriteProcessMemory 请求。 (0x12B)
[0721/194135:WARNING:pe_image_reader.cc(280)] could not read dos header from c:\program files (x86)\kingsoft\kingsoft antivirus\ks3rdhmpg.dll
[0721/194135:ERROR:process_reader_win.cc(232)] ReadMemory at 0x72cd0000 of 64 bytes failed: 仅完成部分的 ReadProcessMemory 或 WriteProcessMemory 请求。 (0x12B)
[0721/194135:WARNING:pe_image_reader.cc(280)] could not read dos header from C:\Windows\SYSTEM32\bcrypt.dll
[0721/194135:ERROR:process_reader_win.cc(232)] ReadMemory at 0x72d00000 of 64 bytes failed: 仅完成部分的 ReadProcessMemory 或 WriteProcessMemory 请求。 (0x12B)
[0721/194135:WARNING:pe_image_reader.cc(280)] could not read dos header from C:\Windows\SYSTEM32\WINSPOOL.DRV
[0721/194135:ERROR:process_reader_win.cc(232)] ReadMemory at 0x72290000 of 64 bytes failed: 仅完成部分的 ReadProcessMemory 或 WriteProcessMemory 请求。 (0x12B)
[0721/194135:WARNING:pe_image_reader.cc(280)] could not read dos header from C:\Windows\WinSxS\x86_microsoft.windows.common-controls_6595b64144ccf1df_6.0.10586.494_none_ea85e725b9ba5a4b\COMCTL32.dll
[0721/194135:ERROR:process_reader_win.cc(232)] ReadMemory at 0x75dd0000 of 64 bytes failed: 仅完成部分的 ReadProcessMemory 或 WriteProcessMemory 请求。 (0x12B)
[0721/194135:WARNING:pe_image_reader.cc(280)] could not read dos header from C:\Windows\SYSTEM32\FirewallAPI.dll
[0721/194135:ERROR:process_reader_win.cc(232)] ReadMemory at 0x71800000 of 64 bytes failed: 仅完成部分的 ReadProcessMemory 或 WriteProcessMemory 请求。 (0x12B)
[0721/194135:WARNING:pe_image_reader.cc(280)] could not read dos header from C:\Windows\SYSTEM32\fwbase.dll
[0721/194135:ERROR:process_reader_win.cc(232)] ReadMemory at 0x75c80000 of 64 bytes failed: 仅完成部分的 ReadProcessMemory 或 WriteProcessMemory 请求。 (0x12B)
[0721/194135:WARNING:pe_image_reader.cc(280)] could not read dos header from C:\Windows\SYSTEM32\NETAPI32.dll
[0721/194135:ERROR:process_reader_win.cc(232)] ReadMemory at 0x72280000 of 64 bytes failed: 仅完成部分的 ReadProcessMemory 或 WriteProcessMemory 请求。 (0x12B)
[0721/194135:WARNING:pe_image_reader.cc(280)] could not read dos header from C:\Windows\SYSTEM32\DAVHLPR.DLL
[0721/194135:ERROR:process_reader_win.cc(232)] ReadMemory at 0x759c0000 of 64 bytes failed: 仅完成部分的 ReadProcessMemory 或 WriteProcessMemory 请求。 (0x12B)
[0721/194135:WARNING:pe_image_reader.cc(280)] could not read dos header from C:\Windows\SYSTEM32\COMDLG32.dll
[0721/194135:ERROR:process_reader_win.cc(232)] ReadMemory at 0x75380000 of 64 bytes failed: 仅完成部分的 ReadProcessMemory 或 WriteProcessMemory 请求。 (0x12B)
[0721/194135:WARNING:pe_image_reader.cc(280)] could not read dos header from C:\Windows\SYSTEM32\ole32.dll
[0721/194135:ERROR:process_reader_win.cc(232)] ReadMemory at 0x75910000 of 64 bytes failed: 仅完成部分的 ReadProcessMemory 或 WriteProcessMemory 请求。 (0x12B)
[0721/194135:WARNING:pe_image_reader.cc(280)] could not read dos header from C:\Windows\SYSTEM32\OLEAUT32.dll
[0721/194135:ERROR:process_reader_win.cc(232)] ReadMemory at 0x74f00000 of 64 bytes failed: 仅完成部分的 ReadProcessMemory 或 WriteProcessMemory 请求。 (0x12B)
[0721/194135:WARNING:pe_image_reader.cc(280)] could not read dos header from C:\Windows\SYSTEM32\IPHLPAPI.DLL
[0721/194135:ERROR:process_reader_win.cc(232)] ReadMemory at 0x76710000 of 64 bytes failed: 仅完成部分的 ReadProcessMemory 或 WriteProcessMemory 请求。 (0x12B)
[0721/194135:WARNING:pe_image_reader.cc(280)] could not read dos header from C:\Windows\SYSTEM32\WS2_32.dll
[0721/194135:ERROR:process_reader_win.cc(232)] ReadMemory at 0x64f20000 of 64 bytes failed: 仅完成部分的 ReadProcessMemory 或 WriteProcessMemory 请求。 (0x12B)
[0721/194135:WARNING:pe_image_reader.cc(280)] could not read dos header from C:\Windows\SYSTEM32\USP10.dll
[0721/194135:ERROR:process_reader_win.cc(232)] ReadMemory at 0x75800000 of 64 bytes failed: 仅完成部分的 ReadProcessMemory 或 WriteProcessMemory 请求。 (0x12B)
[0721/194135:WARNING:pe_image_reader.cc(280)] could not read dos header from C:\Windows\SYSTEM32\MSASN1.dll
[0721/194135:ERROR:process_reader_win.cc(232)] ReadMemory at 0x76cb0000 of 64 bytes failed: 仅完成部分的 ReadProcessMemory 或 WriteProcessMemory 请求。 (0x12B)
[0721/194135:WARNING:pe_image_reader.cc(280)] could not read dos header from C:\Windows\SYSTEM32\CRYPT32.dll
[0721/194135:ERROR:process_reader_win.cc(232)] ReadMemory at 0x76850000 of 64 bytes failed: 仅完成部分的 ReadProcessMemory 或 WriteProcessMemory 请求。 (0x12B)
[0721/194135:WARNING:pe_image_reader.cc(280)] could not read dos header from C:\Windows\SYSTEM32\WINTRUST.dll
[0721/194135:ERROR:process_reader_win.cc(232)] ReadMemory at 0x6c8c0000 of 64 bytes failed: 仅完成部分的 ReadProcessMemory 或 WriteProcessMemory 请求。 (0x12B)
[0721/194135:WARNING:pe_image_reader.cc(280)] could not read dos header from C:\Windows\SYSTEM32\Secur32.dll
[0721/194135:ERROR:process_reader_win.cc(232)] ReadMemory at 0x17c0000 of 64 bytes failed: 仅完成部分的 ReadProcessMemory 或 WriteProcessMemory 请求。 (0x12B)
[0721/194135:WARNING:pe_image_reader.cc(280)] could not read dos header from C:\Program Files (x86)\Google\Chrome\Application\51.0.2704.103\chrome_child.dll
[0721/194135:ERROR:process_reader_win.cc(232)] ReadMemory at 0x60be0000 of 64 bytes failed: 仅完成部分的 ReadProcessMemory 或 WriteProcessMemory 请求。 (0x12B)
[0721/194135:WARNING:pe_image_reader.cc(280)] could not read dos header from C:\Windows\SYSTEM32\dwrite.dll
[0721/194135:ERROR:process_reader_win.cc(232)] ReadMemory at 0xc0c374 of 12 bytes failed: 仅完成部分的 ReadProcessMemory 或 WriteProcessMemory 请求。 (0x12B)
[0721/194135:WARNING:process_snapshot_win.cc(102)] ReadMemory ExceptionInformation failed
[0721/194135:WARNING:crash_report_exception_handler.cc(60)] ProcessSnapshotWin::InitializeException failed
[0721/194135:ERROR:scoped_process_suspend.cc(38)] NtResumeProcess, ntstatus=-1073741558
[1019/224849:ERROR:process_info.cc(330)] VirtualQueryEx: 拒绝访问。 (0x5)
[1019/224849:ERROR:process_info.cc(547)] ReadMemoryInfo failed
[1019/224849:ERROR:process_reader_win.cc(142)] SuspendThread: 拒绝访问。 (0x5)
[1019/224849:ERROR:exception_snapshot_win.cc(87)] thread ID 5748 not found in process
[1019/224849:WARNING:crash_report_exception_handler.cc(56)] ProcessSnapshotWin::Initialize failed
[1019/224849:ERROR:scoped_process_suspend.cc(38)] NtResumeProcess: 已尝试访问正在退出的过程。  (0xc000010a)
